<?xml version="1.0" encoding="UTF-8"?>
<testng-results ignored="0" total="3" passed="3" failed="0" skipped="0">
  <reporter-output>
  </reporter-output>
  <suite started-at="2023-03-02T16:16:14 IST" name="ParallelExecution" finished-at="2023-03-02T16:16:40 IST" duration-ms="25905">
    <groups>
    </groups>
    <test started-at="2023-03-02T16:16:14 IST" name="ChromeTest" finished-at="2023-03-02T16:16:34 IST" duration-ms="20883">
      <class name="tc.CrossBr">
        <test-method is-config="true" signature="setup(java.lang.String)[pri:0, instance:tc.CrossBr@dd8ba08]" started-at="2023-03-02T16:16:14 IST" name="setup" finished-at="2023-03-02T16:16:17 IST" duration-ms="3361" status="PASS">
          <params>
            <param index="0">
              <value>
                <![CDATA[chrome]]>
              </value>
            </param>
          </params>
          <reporter-output>
          </reporter-output>
        </test-method> <!-- setup -->
        <test-method signature="petStoreTC1()[pri:0, instance:tc.CrossBr@dd8ba08]" started-at="2023-03-02T16:16:17 IST" name="petStoreTC1" finished-at="2023-03-02T16:16:34 IST" duration-ms="17463" status="PASS">
          <reporter-output>
          </reporter-output>
        </test-method> <!-- petStoreTC1 -->
      </class> <!-- tc.CrossBr -->
    </test> <!-- ChromeTest -->
    <test started-at="2023-03-02T16:16:14 IST" name="EdgeTest" finished-at="2023-03-02T16:16:35 IST" duration-ms="21539">
      <class name="tc.CrossBr">
        <test-method is-config="true" signature="setup(java.lang.String)[pri:0, instance:tc.CrossBr@6ae5aa72]" started-at="2023-03-02T16:16:14 IST" name="setup" finished-at="2023-03-02T16:16:19 IST" duration-ms="5409" status="PASS">
          <params>
            <param index="0">
              <value>
                <![CDATA[edge]]>
              </value>
            </param>
          </params>
          <reporter-output>
          </reporter-output>
        </test-method> <!-- setup -->
        <test-method signature="petStoreTC1()[pri:0, instance:tc.CrossBr@6ae5aa72]" started-at="2023-03-02T16:16:19 IST" name="petStoreTC1" finished-at="2023-03-02T16:16:35 IST" duration-ms="16110" status="PASS">
          <reporter-output>
          </reporter-output>
        </test-method> <!-- petStoreTC1 -->
      </class> <!-- tc.CrossBr -->
    </test> <!-- EdgeTest -->
    <test started-at="2023-03-02T16:16:14 IST" name="FirefoxTest" finished-at="2023-03-02T16:16:40 IST" duration-ms="25905">
      <class name="tc.CrossBr">
        <test-method is-config="true" signature="setup(java.lang.String)[pri:0, instance:tc.CrossBr@441772e]" started-at="2023-03-02T16:16:14 IST" name="setup" finished-at="2023-03-02T16:16:22 IST" duration-ms="8769" status="PASS">
          <params>
            <param index="0">
              <value>
                <![CDATA[firefox]]>
              </value>
            </param>
          </params>
          <reporter-output>
          </reporter-output>
        </test-method> <!-- setup -->
        <test-method signature="petStoreTC1()[pri:0, instance:tc.CrossBr@441772e]" started-at="2023-03-02T16:16:22 IST" name="petStoreTC1" finished-at="2023-03-02T16:16:39 IST" duration-ms="17117" status="PASS">
          <reporter-output>
          </reporter-output>
        </test-method> <!-- petStoreTC1 -->
      </class> <!-- tc.CrossBr -->
    </test> <!-- FirefoxTest -->
  </suite> <!-- ParallelExecution -->
</testng-results>
